android/app/build/intermediates/manifest_merge_blame_file/debug/manifest-merger-blame-debug-report.txt
1<?xml version="1.0" encoding="utf-8"?>
2<manifest xmlns:android="http://schemas.android.com/apk/res/android"
3    package="com.courseproject"
4    android:versionCode="1"
5    android:versionName="1.0" >
6
7    <uses-sdk
8        android:minSdkVersion="21"
9        android:targetSdkVersion="30" />
10
11    <uses-permission android:name="android.permission.SYSTEM_ALERT_WINDOW" />
11-->src/debug/AndroidManifest.xml:5:5-77
11-->src/debug/AndroidManifest.xml:5:22-75
12    <uses-permission android:name="android.permission.INTERNET" />
12-->src/main/AndroidManifest.xml:4:5-67
12-->src/main/AndroidManifest.xml:4:22-64
13    <uses-permission android:name="android.permission.ACCESS_WIFI_STATE" />
13-->[com.facebook.flipper:flipper:0.99.0] AndroidManifest.xml:16:5-76
13-->[com.facebook.flipper:flipper:0.99.0] AndroidManifest.xml:16:22-73
14    <uses-permission android:name="android.permission.ACCESS_COARSE_LOCATION" />
14-->[:react-native-maps] AndroidManifest.xml:10:5-81
14-->[:react-native-maps] AndroidManifest.xml:10:22-78
15    <uses-permission android:name="android.permission.WAKE_LOCK" />
15-->[androidx.work:work-runtime:2.5.0] AndroidManifest.xml:25:5-68
15-->[androidx.work:work-runtime:2.5.0] AndroidManifest.xml:25:22-65
16    <uses-permission android:name="android.permission.ACCESS_NETWORK_STATE" />
16-->[androidx.work:work-runtime:2.5.0] AndroidManifest.xml:26:5-79
16-->[androidx.work:work-runtime:2.5.0] AndroidManifest.xml:26:22-76
17    <uses-permission android:name="android.permission.RECEIVE_BOOT_COMPLETED" />
17-->[androidx.work:work-runtime:2.5.0] AndroidManifest.xml:27:5-81
17-->[androidx.work:work-runtime:2.5.0] AndroidManifest.xml:27:22-78
18    <uses-permission android:name="android.permission.FOREGROUND_SERVICE" />
18-->[androidx.work:work-runtime:2.5.0] AndroidManifest.xml:28:5-77
18-->[androidx.work:work-runtime:2.5.0] AndroidManifest.xml:28:22-74
19
20    <uses-feature
20-->[com.google.android.gms:play-services-maps:17.0.0] AndroidManifest.xml:26:5-28:35
21        android:glEsVersion="0x00020000"
21-->[com.google.android.gms:play-services-maps:17.0.0] AndroidManifest.xml:27:9-41
22        android:required="true" />
22-->[com.google.android.gms:play-services-maps:17.0.0] AndroidManifest.xml:28:9-32
23
24    <application
24-->src/main/AndroidManifest.xml:6:5-24:19
25        android:name="com.courseproject.MainApplication"
25-->src/main/AndroidManifest.xml:7:7-38
26        android:allowBackup="false"
26-->src/main/AndroidManifest.xml:11:7-34
27        android:appComponentFactory="androidx.core.app.CoreComponentFactory"
27-->[androidx.core:core:1.5.0] AndroidManifest.xml:24:18-86
28        android:debuggable="true"
29        android:icon="@mipmap/ic_launcher"
29-->src/main/AndroidManifest.xml:9:7-41
30        android:label="@string/app_name"
30-->src/main/AndroidManifest.xml:8:7-39
31        android:roundIcon="@mipmap/ic_launcher_round"
31-->src/main/AndroidManifest.xml:10:7-52
32        android:theme="@style/AppTheme"
32-->src/main/AndroidManifest.xml:12:7-38
33        android:usesCleartextTraffic="true" >
33-->src/debug/AndroidManifest.xml:8:9-44
34        <activity android:name="com.facebook.react.devsupport.DevSettingsActivity" />
34-->src/debug/AndroidManifest.xml:11:9-86
34-->src/debug/AndroidManifest.xml:11:19-83
35        <activity
35-->src/main/AndroidManifest.xml:13:7-23:18
36            android:name="com.courseproject.MainActivity"
36-->src/main/AndroidManifest.xml:14:9-37
37            android:configChanges="keyboard|keyboardHidden|orientation|screenSize|uiMode"
37-->src/main/AndroidManifest.xml:16:9-86
38            android:label="@string/app_name"
38-->src/main/AndroidManifest.xml:15:9-41
39            android:launchMode="singleTask"
39-->src/main/AndroidManifest.xml:17:9-40
40            android:windowSoftInputMode="adjustResize" >
40-->src/main/AndroidManifest.xml:18:9-51
41            <intent-filter>
41-->src/main/AndroidManifest.xml:19:9-22:25
42                <action android:name="android.intent.action.MAIN" />
42-->src/main/AndroidManifest.xml:20:13-65
42-->src/main/AndroidManifest.xml:20:21-62
43
44                <category android:name="android.intent.category.LAUNCHER" />
44-->src/main/AndroidManifest.xml:21:13-73
44-->src/main/AndroidManifest.xml:21:23-70
45            </intent-filter>
46        </activity>
47
48        <provider
48-->[androidx.work:work-runtime:2.5.0] AndroidManifest.xml:31:9-37:35
49            android:name="androidx.work.impl.WorkManagerInitializer"
49-->[androidx.work:work-runtime:2.5.0] AndroidManifest.xml:32:13-69
50            android:authorities="com.courseproject.workmanager-init"
50-->[androidx.work:work-runtime:2.5.0] AndroidManifest.xml:33:13-68
51            android:directBootAware="false"
51-->[androidx.work:work-runtime:2.5.0] AndroidManifest.xml:34:13-44
52            android:exported="false"
52-->[androidx.work:work-runtime:2.5.0] AndroidManifest.xml:35:13-37
53            android:multiprocess="true" />
53-->[androidx.work:work-runtime:2.5.0] AndroidManifest.xml:36:13-40
54
55        <service
55-->[androidx.work:work-runtime:2.5.0] AndroidManifest.xml:39:9-44:35
56            android:name="androidx.work.impl.background.systemalarm.SystemAlarmService"
56-->[androidx.work:work-runtime:2.5.0] AndroidManifest.xml:40:13-88
57            android:directBootAware="false"
57-->[androidx.work:work-runtime:2.5.0] AndroidManifest.xml:41:13-44
58            android:enabled="@bool/enable_system_alarm_service_default"
58-->[androidx.work:work-runtime:2.5.0] AndroidManifest.xml:42:13-72
59            android:exported="false" />
59-->[androidx.work:work-runtime:2.5.0] AndroidManifest.xml:43:13-37
60        <service
60-->[androidx.work:work-runtime:2.5.0] AndroidManifest.xml:45:9-51:35
61            android:name="androidx.work.impl.background.systemjob.SystemJobService"
61-->[androidx.work:work-runtime:2.5.0] AndroidManifest.xml:46:13-84
62            android:directBootAware="false"
62-->[androidx.work:work-runtime:2.5.0] AndroidManifest.xml:47:13-44
63            android:enabled="@bool/enable_system_job_service_default"
63-->[androidx.work:work-runtime:2.5.0] AndroidManifest.xml:48:13-70
64            android:exported="true"
64-->[androidx.work:work-runtime:2.5.0] AndroidManifest.xml:49:13-36
65            android:permission="android.permission.BIND_JOB_SERVICE" />
65-->[androidx.work:work-runtime:2.5.0] AndroidManifest.xml:50:13-69
66        <service
66-->[androidx.work:work-runtime:2.5.0] AndroidManifest.xml:52:9-57:35
67            android:name="androidx.work.impl.foreground.SystemForegroundService"
67-->[androidx.work:work-runtime:2.5.0] AndroidManifest.xml:53:13-81
68            android:directBootAware="false"
68-->[androidx.work:work-runtime:2.5.0] AndroidManifest.xml:54:13-44
69            android:enabled="@bool/enable_system_foreground_service_default"
69-->[androidx.work:work-runtime:2.5.0] AndroidManifest.xml:55:13-77
70            android:exported="false" />
70-->[androidx.work:work-runtime:2.5.0] AndroidManifest.xml:56:13-37
71
72        <receiver
72-->[androidx.work:work-runtime:2.5.0] AndroidManifest.xml:59:9-64:35
73            android:name="androidx.work.impl.utils.ForceStopRunnable$BroadcastReceiver"
73-->[androidx.work:work-runtime:2.5.0] AndroidManifest.xml:60:13-88
74            android:directBootAware="false"
74-->[androidx.work:work-runtime:2.5.0] AndroidManifest.xml:61:13-44
75            android:enabled="true"
75-->[androidx.work:work-runtime:2.5.0] AndroidManifest.xml:62:13-35
76            android:exported="false" />
76-->[androidx.work:work-runtime:2.5.0] AndroidManifest.xml:63:13-37
77        <receiver
77-->[androidx.work:work-runtime:2.5.0] AndroidManifest.xml:65:9-75:20
78            android:name="androidx.work.impl.background.systemalarm.ConstraintProxy$BatteryChargingProxy"
78-->[androidx.work:work-runtime:2.5.0] AndroidManifest.xml:66:13-106
79            android:directBootAware="false"
79-->[androidx.work:work-runtime:2.5.0] AndroidManifest.xml:67:13-44
80            android:enabled="false"
80-->[androidx.work:work-runtime:2.5.0] AndroidManifest.xml:68:13-36
81            android:exported="false" >
81-->[androidx.work:work-runtime:2.5.0] AndroidManifest.xml:69:13-37
82            <intent-filter>
82-->[androidx.work:work-runtime:2.5.0] AndroidManifest.xml:71:13-74:29
83                <action android:name="android.intent.action.ACTION_POWER_CONNECTED" />
83-->[androidx.work:work-runtime:2.5.0] AndroidManifest.xml:72:17-87
83-->[androidx.work:work-runtime:2.5.0] AndroidManifest.xml:72:25-84
84                <action android:name="android.intent.action.ACTION_POWER_DISCONNECTED" />
84-->[androidx.work:work-runtime:2.5.0] AndroidManifest.xml:73:17-90
84-->[androidx.work:work-runtime:2.5.0] AndroidManifest.xml:73:25-87
85            </intent-filter>
86        </receiver>
87        <receiver
87-->[androidx.work:work-runtime:2.5.0] AndroidManifest.xml:76:9-86:20
88            android:name="androidx.work.impl.background.systemalarm.ConstraintProxy$BatteryNotLowProxy"
88-->[androidx.work:work-runtime:2.5.0] AndroidManifest.xml:77:13-104
89            android:directBootAware="false"
89-->[androidx.work:work-runtime:2.5.0] AndroidManifest.xml:78:13-44
90            android:enabled="false"
90-->[androidx.work:work-runtime:2.5.0] AndroidManifest.xml:79:13-36
91            android:exported="false" >
91-->[androidx.work:work-runtime:2.5.0] AndroidManifest.xml:80:13-37
92            <intent-filter>
92-->[androidx.work:work-runtime:2.5.0] AndroidManifest.xml:82:13-85:29
93                <action android:name="android.intent.action.BATTERY_OKAY" />
93-->[androidx.work:work-runtime:2.5.0] AndroidManifest.xml:83:17-77
93-->[androidx.work:work-runtime:2.5.0] AndroidManifest.xml:83:25-74
94                <action android:name="android.intent.action.BATTERY_LOW" />
94-->[androidx.work:work-runtime:2.5.0] AndroidManifest.xml:84:17-76
94-->[androidx.work:work-runtime:2.5.0] AndroidManifest.xml:84:25-73
95            </intent-filter>
96        </receiver>
97        <receiver
97-->[androidx.work:work-runtime:2.5.0] AndroidManifest.xml:87:9-97:20
98            android:name="androidx.work.impl.background.systemalarm.ConstraintProxy$StorageNotLowProxy"
98-->[androidx.work:work-runtime:2.5.0] AndroidManifest.xml:88:13-104
99            android:directBootAware="false"
99-->[androidx.work:work-runtime:2.5.0] AndroidManifest.xml:89:13-44
100            android:enabled="false"
100-->[androidx.work:work-runtime:2.5.0] AndroidManifest.xml:90:13-36
101            android:exported="false" >
101-->[androidx.work:work-runtime:2.5.0] AndroidManifest.xml:91:13-37
102            <intent-filter>
102-->[androidx.work:work-runtime:2.5.0] AndroidManifest.xml:93:13-96:29
103                <action android:name="android.intent.action.DEVICE_STORAGE_LOW" />
103-->[androidx.work:work-runtime:2.5.0] AndroidManifest.xml:94:17-83
103-->[androidx.work:work-runtime:2.5.0] AndroidManifest.xml:94:25-80
104                <action android:name="android.intent.action.DEVICE_STORAGE_OK" />
104-->[androidx.work:work-runtime:2.5.0] AndroidManifest.xml:95:17-82
104-->[androidx.work:work-runtime:2.5.0] AndroidManifest.xml:95:25-79
105            </intent-filter>
106        </receiver>
107        <receiver
107-->[androidx.work:work-runtime:2.5.0] AndroidManifest.xml:98:9-107:20
108            android:name="androidx.work.impl.background.systemalarm.ConstraintProxy$NetworkStateProxy"
108-->[androidx.work:work-runtime:2.5.0] AndroidManifest.xml:99:13-103
109            android:directBootAware="false"
109-->[androidx.work:work-runtime:2.5.0] AndroidManifest.xml:100:13-44
110            android:enabled="false"
110-->[androidx.work:work-runtime:2.5.0] AndroidManifest.xml:101:13-36
111            android:exported="false" >
111-->[androidx.work:work-runtime:2.5.0] AndroidManifest.xml:102:13-37
112            <intent-filter>
112-->[androidx.work:work-runtime:2.5.0] AndroidManifest.xml:104:13-106:29
113                <action android:name="android.net.conn.CONNECTIVITY_CHANGE" />
113-->[androidx.work:work-runtime:2.5.0] AndroidManifest.xml:105:17-79
113-->[androidx.work:work-runtime:2.5.0] AndroidManifest.xml:105:25-76
114            </intent-filter>
115        </receiver>
116        <receiver
116-->[androidx.work:work-runtime:2.5.0] AndroidManifest.xml:108:9-119:20
117            android:name="androidx.work.impl.background.systemalarm.RescheduleReceiver"
117-->[androidx.work:work-runtime:2.5.0] AndroidManifest.xml:109:13-88
118            android:directBootAware="false"
118-->[androidx.work:work-runtime:2.5.0] AndroidManifest.xml:110:13-44
119            android:enabled="false"
119-->[androidx.work:work-runtime:2.5.0] AndroidManifest.xml:111:13-36
120            android:exported="false" >
120-->[androidx.work:work-runtime:2.5.0] AndroidManifest.xml:112:13-37
121            <intent-filter>
121-->[androidx.work:work-runtime:2.5.0] AndroidManifest.xml:114:13-118:29
122                <action android:name="android.intent.action.BOOT_COMPLETED" />
122-->[androidx.work:work-runtime:2.5.0] AndroidManifest.xml:115:17-79
122-->[androidx.work:work-runtime:2.5.0] AndroidManifest.xml:115:25-76
123                <action android:name="android.intent.action.TIME_SET" />
123-->[androidx.work:work-runtime:2.5.0] AndroidManifest.xml:116:17-73
123-->[androidx.work:work-runtime:2.5.0] AndroidManifest.xml:116:25-70
124                <action android:name="android.intent.action.TIMEZONE_CHANGED" />
124-->[androidx.work:work-runtime:2.5.0] AndroidManifest.xml:117:17-81
124-->[androidx.work:work-runtime:2.5.0] AndroidManifest.xml:117:25-78
125            </intent-filter>
126        </receiver>
127        <receiver
127-->[androidx.work:work-runtime:2.5.0] AndroidManifest.xml:120:9-129:20
128            android:name="androidx.work.impl.background.systemalarm.ConstraintProxyUpdateReceiver"
128-->[androidx.work:work-runtime:2.5.0] AndroidManifest.xml:121:13-99
129            android:directBootAware="false"
129-->[androidx.work:work-runtime:2.5.0] AndroidManifest.xml:122:13-44
130            android:enabled="@bool/enable_system_alarm_service_default"
130-->[androidx.work:work-runtime:2.5.0] AndroidManifest.xml:123:13-72
131            android:exported="false" >
131-->[androidx.work:work-runtime:2.5.0] AndroidManifest.xml:124:13-37
132            <intent-filter>
132-->[androidx.work:work-runtime:2.5.0] AndroidManifest.xml:126:13-128:29
133                <action android:name="androidx.work.impl.background.systemalarm.UpdateProxies" />
133-->[androidx.work:work-runtime:2.5.0] AndroidManifest.xml:127:17-98
133-->[androidx.work:work-runtime:2.5.0] AndroidManifest.xml:127:25-95
134            </intent-filter>
135        </receiver>
136        <receiver
136-->[androidx.work:work-runtime:2.5.0] AndroidManifest.xml:130:9-140:20
137            android:name="androidx.work.impl.diagnostics.DiagnosticsReceiver"
137-->[androidx.work:work-runtime:2.5.0] AndroidManifest.xml:131:13-78
138            android:directBootAware="false"
138-->[androidx.work:work-runtime:2.5.0] AndroidManifest.xml:132:13-44
139            android:enabled="true"
139-->[androidx.work:work-runtime:2.5.0] AndroidManifest.xml:133:13-35
140            android:exported="true"
140-->[androidx.work:work-runtime:2.5.0] AndroidManifest.xml:134:13-36
141            android:permission="android.permission.DUMP" >
141-->[androidx.work:work-runtime:2.5.0] AndroidManifest.xml:135:13-57
142            <intent-filter>
142-->[androidx.work:work-runtime:2.5.0] AndroidManifest.xml:137:13-139:29
143                <action android:name="androidx.work.diagnostics.REQUEST_DIAGNOSTICS" />
143-->[androidx.work:work-runtime:2.5.0] AndroidManifest.xml:138:17-88
143-->[androidx.work:work-runtime:2.5.0] AndroidManifest.xml:138:25-85
144            </intent-filter>
145        </receiver>
146
147        <service
147-->[androidx.room:room-runtime:2.2.5] AndroidManifest.xml:25:9-28:40
148            android:name="androidx.room.MultiInstanceInvalidationService"
148-->[androidx.room:room-runtime:2.2.5] AndroidManifest.xml:26:13-74
149            android:directBootAware="true"
149-->[androidx.room:room-runtime:2.2.5] AndroidManifest.xml:27:13-43
150            android:exported="false" /> <!-- Needs to be explicitly declared on P+ -->
150-->[androidx.room:room-runtime:2.2.5] AndroidManifest.xml:28:13-37
151        <uses-library
151-->[com.google.android.gms:play-services-maps:17.0.0] AndroidManifest.xml:33:9-35:40
152            android:name="org.apache.http.legacy"
152-->[com.google.android.gms:play-services-maps:17.0.0] AndroidManifest.xml:34:13-50
153            android:required="false" />
153-->[com.google.android.gms:play-services-maps:17.0.0] AndroidManifest.xml:35:13-37
154
155        <activity
155-->[com.google.android.gms:play-services-base:17.0.0] AndroidManifest.xml:23:9-26:75
156            android:name="com.google.android.gms.common.api.GoogleApiActivity"
156-->[com.google.android.gms:play-services-base:17.0.0] AndroidManifest.xml:24:13-79
157            android:exported="false"
157-->[com.google.android.gms:play-services-base:17.0.0] AndroidManifest.xml:25:13-37
158            android:theme="@android:style/Theme.Translucent.NoTitleBar" />
158-->[com.google.android.gms:play-services-base:17.0.0] AndroidManifest.xml:26:13-72
159
160        <meta-data
160-->[com.google.android.gms:play-services-basement:17.0.0] AndroidManifest.xml:23:9-25:69
161            android:name="com.google.android.gms.version"
161-->[com.google.android.gms:play-services-basement:17.0.0] AndroidManifest.xml:24:13-58
162            android:value="@integer/google_play_services_version" />
162-->[com.google.android.gms:play-services-basement:17.0.0] AndroidManifest.xml:25:13-66
163    </application>
164
165</manifest>